  BreakBlock.cpp
D:\DATA\UIT\Deadline\Game\SuperMarioBros3\SuperMarioBros3\Game.h(63,34): warning C4244: 'return': conversion from 'int' to 'float', possible loss of data
D:\DATA\UIT\Deadline\Game\SuperMarioBros3\SuperMarioBros3\Game.h(64,35): warning C4244: 'return': conversion from 'int' to 'float', possible loss of data
D:\DATA\UIT\Deadline\Game\SuperMarioBros3\SuperMarioBros3\ParaKoopa.h(50,29): warning C4244: '=': conversion from 'ULONGLONG' to 'DWORD', possible loss of data
D:\DATA\UIT\Deadline\Game\SuperMarioBros3\SuperMarioBros3\Mario.h(171,79): warning C4244: '=': conversion from 'ULONGLONG' to 'DWORD', possible loss of data
D:\DATA\UIT\Deadline\Game\SuperMarioBros3\SuperMarioBros3\PlayScene.h(65,21): warning C4018: '<': signed/unsigned mismatch
  BrickReward.cpp
D:\DATA\UIT\Deadline\Game\SuperMarioBros3\SuperMarioBros3\Game.h(63,34): warning C4244: 'return': conversion from 'int' to 'float', possible loss of data
D:\DATA\UIT\Deadline\Game\SuperMarioBros3\SuperMarioBros3\Game.h(64,35): warning C4244: 'return': conversion from 'int' to 'float', possible loss of data
D:\DATA\UIT\Deadline\Game\SuperMarioBros3\SuperMarioBros3\ParaKoopa.h(50,29): warning C4244: '=': conversion from 'ULONGLONG' to 'DWORD', possible loss of data
D:\DATA\UIT\Deadline\Game\SuperMarioBros3\SuperMarioBros3\Mario.h(171,79): warning C4244: '=': conversion from 'ULONGLONG' to 'DWORD', possible loss of data
D:\DATA\UIT\Deadline\Game\SuperMarioBros3\SuperMarioBros3\PlayScene.h(65,21): warning C4018: '<': signed/unsigned mismatch
  Game.cpp
D:\DATA\UIT\Deadline\Game\SuperMarioBros3\SuperMarioBros3\Game.h(63,34): warning C4244: 'return': conversion from 'int' to 'float', possible loss of data
D:\DATA\UIT\Deadline\Game\SuperMarioBros3\SuperMarioBros3\Game.h(64,35): warning C4244: 'return': conversion from 'int' to 'float', possible loss of data
D:\DATA\UIT\Deadline\Game\SuperMarioBros3\SuperMarioBros3\ParaKoopa.h(50,29): warning C4244: '=': conversion from 'ULONGLONG' to 'DWORD', possible loss of data
D:\DATA\UIT\Deadline\Game\SuperMarioBros3\SuperMarioBros3\Mario.h(171,79): warning C4244: '=': conversion from 'ULONGLONG' to 'DWORD', possible loss of data
D:\DATA\UIT\Deadline\Game\SuperMarioBros3\SuperMarioBros3\PlayScene.h(65,21): warning C4018: '<': signed/unsigned mismatch
  HUD.cpp
D:\DATA\UIT\Deadline\Game\SuperMarioBros3\SuperMarioBros3\Game.h(63,34): warning C4244: 'return': conversion from 'int' to 'float', possible loss of data
D:\DATA\UIT\Deadline\Game\SuperMarioBros3\SuperMarioBros3\Game.h(64,35): warning C4244: 'return': conversion from 'int' to 'float', possible loss of data
D:\DATA\UIT\Deadline\Game\SuperMarioBros3\SuperMarioBros3\ParaKoopa.h(50,29): warning C4244: '=': conversion from 'ULONGLONG' to 'DWORD', possible loss of data
D:\DATA\UIT\Deadline\Game\SuperMarioBros3\SuperMarioBros3\Mario.h(171,79): warning C4244: '=': conversion from 'ULONGLONG' to 'DWORD', possible loss of data
D:\DATA\UIT\Deadline\Game\SuperMarioBros3\SuperMarioBros3\PlayScene.h(65,21): warning C4018: '<': signed/unsigned mismatch
  Koopa.cpp
D:\DATA\UIT\Deadline\Game\SuperMarioBros3\SuperMarioBros3\Game.h(63,34): warning C4244: 'return': conversion from 'int' to 'float', possible loss of data
D:\DATA\UIT\Deadline\Game\SuperMarioBros3\SuperMarioBros3\Game.h(64,35): warning C4244: 'return': conversion from 'int' to 'float', possible loss of data
D:\DATA\UIT\Deadline\Game\SuperMarioBros3\SuperMarioBros3\ParaKoopa.h(50,29): warning C4244: '=': conversion from 'ULONGLONG' to 'DWORD', possible loss of data
D:\DATA\UIT\Deadline\Game\SuperMarioBros3\SuperMarioBros3\Mario.h(171,79): warning C4244: '=': conversion from 'ULONGLONG' to 'DWORD', possible loss of data
D:\DATA\UIT\Deadline\Game\SuperMarioBros3\SuperMarioBros3\PlayScene.h(65,21): warning C4018: '<': signed/unsigned mismatch
D:\DATA\UIT\Deadline\Game\SuperMarioBros3\SuperMarioBros3\Koopa.cpp(308,31): warning C4244: '=': conversion from 'ULONGLONG' to 'DWORD', possible loss of data
  Mario.cpp
D:\DATA\UIT\Deadline\Game\SuperMarioBros3\SuperMarioBros3\Game.h(63,34): warning C4244: 'return': conversion from 'int' to 'float', possible loss of data
D:\DATA\UIT\Deadline\Game\SuperMarioBros3\SuperMarioBros3\Game.h(64,35): warning C4244: 'return': conversion from 'int' to 'float', possible loss of data
D:\DATA\UIT\Deadline\Game\SuperMarioBros3\SuperMarioBros3\ParaKoopa.h(50,29): warning C4244: '=': conversion from 'ULONGLONG' to 'DWORD', possible loss of data
D:\DATA\UIT\Deadline\Game\SuperMarioBros3\SuperMarioBros3\Mario.h(171,79): warning C4244: '=': conversion from 'ULONGLONG' to 'DWORD', possible loss of data
D:\DATA\UIT\Deadline\Game\SuperMarioBros3\SuperMarioBros3\PlayScene.h(65,21): warning C4018: '<': signed/unsigned mismatch
D:\DATA\UIT\Deadline\Game\SuperMarioBros3\SuperMarioBros3\Mario.cpp(61,20): warning C4018: '<': signed/unsigned mismatch
D:\DATA\UIT\Deadline\Game\SuperMarioBros3\SuperMarioBros3\Mario.cpp(522,20): warning C4018: '<': signed/unsigned mismatch
D:\DATA\UIT\Deadline\Game\SuperMarioBros3\SuperMarioBros3\Mario.cpp(672,20): warning C4018: '<': signed/unsigned mismatch
  ParaKoopa.cpp
D:\DATA\UIT\Deadline\Game\SuperMarioBros3\SuperMarioBros3\Game.h(63,34): warning C4244: 'return': conversion from 'int' to 'float', possible loss of data
D:\DATA\UIT\Deadline\Game\SuperMarioBros3\SuperMarioBros3\Game.h(64,35): warning C4244: 'return': conversion from 'int' to 'float', possible loss of data
D:\DATA\UIT\Deadline\Game\SuperMarioBros3\SuperMarioBros3\ParaKoopa.h(50,29): warning C4244: '=': conversion from 'ULONGLONG' to 'DWORD', possible loss of data
D:\DATA\UIT\Deadline\Game\SuperMarioBros3\SuperMarioBros3\Mario.h(171,79): warning C4244: '=': conversion from 'ULONGLONG' to 'DWORD', possible loss of data
D:\DATA\UIT\Deadline\Game\SuperMarioBros3\SuperMarioBros3\PlayScene.h(65,21): warning C4018: '<': signed/unsigned mismatch
D:\DATA\UIT\Deadline\Game\SuperMarioBros3\SuperMarioBros3\ParaKoopa.cpp(37,31): warning C4244: '=': conversion from 'ULONGLONG' to 'DWORD', possible loss of data
D:\DATA\UIT\Deadline\Game\SuperMarioBros3\SuperMarioBros3\ParaKoopa.cpp(241,67): warning C4244: 'argument': conversion from 'double' to 'float', possible loss of data
D:\DATA\UIT\Deadline\Game\SuperMarioBros3\SuperMarioBros3\ParaKoopa.cpp(244,70): warning C4244: 'argument': conversion from 'double' to 'float', possible loss of data
D:\DATA\UIT\Deadline\Game\SuperMarioBros3\SuperMarioBros3\ParaKoopa.cpp(250,72): warning C4244: 'argument': conversion from 'double' to 'float', possible loss of data
D:\DATA\UIT\Deadline\Game\SuperMarioBros3\SuperMarioBros3\ParaKoopa.cpp(250,63): warning C4244: 'argument': conversion from 'double' to 'float', possible loss of data
D:\DATA\UIT\Deadline\Game\SuperMarioBros3\SuperMarioBros3\ParaKoopa.cpp(253,75): warning C4244: 'argument': conversion from 'double' to 'float', possible loss of data
D:\DATA\UIT\Deadline\Game\SuperMarioBros3\SuperMarioBros3\ParaKoopa.cpp(253,66): warning C4244: 'argument': conversion from 'double' to 'float', possible loss of data
D:\DATA\UIT\Deadline\Game\SuperMarioBros3\SuperMarioBros3\ParaKoopa.cpp(291,29): warning C4244: '=': conversion from 'ULONGLONG' to 'DWORD', possible loss of data
D:\DATA\UIT\Deadline\Game\SuperMarioBros3\SuperMarioBros3\ParaKoopa.cpp(317,31): warning C4244: '=': conversion from 'ULONGLONG' to 'DWORD', possible loss of data
  PlayScene.cpp
D:\DATA\UIT\Deadline\Game\SuperMarioBros3\SuperMarioBros3\Game.h(63,34): warning C4244: 'return': conversion from 'int' to 'float', possible loss of data
D:\DATA\UIT\Deadline\Game\SuperMarioBros3\SuperMarioBros3\Game.h(64,35): warning C4244: 'return': conversion from 'int' to 'float', possible loss of data
D:\DATA\UIT\Deadline\Game\SuperMarioBros3\SuperMarioBros3\ParaKoopa.h(50,29): warning C4244: '=': conversion from 'ULONGLONG' to 'DWORD', possible loss of data
D:\DATA\UIT\Deadline\Game\SuperMarioBros3\SuperMarioBros3\Mario.h(171,79): warning C4244: '=': conversion from 'ULONGLONG' to 'DWORD', possible loss of data
D:\DATA\UIT\Deadline\Game\SuperMarioBros3\SuperMarioBros3\PlayScene.h(65,21): warning C4018: '<': signed/unsigned mismatch
D:\DATA\UIT\Deadline\Game\SuperMarioBros3\SuperMarioBros3\PlayScene.cpp(92,13): warning C4244: 'initializing': conversion from 'double' to 'float', possible loss of data
D:\DATA\UIT\Deadline\Game\SuperMarioBros3\SuperMarioBros3\PlayScene.cpp(93,12): warning C4244: 'initializing': conversion from 'double' to 'float', possible loss of data
D:\DATA\UIT\Deadline\Game\SuperMarioBros3\SuperMarioBros3\PlayScene.cpp(94,14): warning C4244: 'initializing': conversion from 'double' to 'float', possible loss of data
D:\DATA\UIT\Deadline\Game\SuperMarioBros3\SuperMarioBros3\PlayScene.cpp(95,15): warning C4244: 'initializing': conversion from 'double' to 'float', possible loss of data
D:\DATA\UIT\Deadline\Game\SuperMarioBros3\SuperMarioBros3\PlayScene.cpp(109,10): warning C4244: 'initializing': conversion from 'double' to 'float', possible loss of data
D:\DATA\UIT\Deadline\Game\SuperMarioBros3\SuperMarioBros3\PlayScene.cpp(110,10): warning C4244: 'initializing': conversion from 'double' to 'float', possible loss of data
D:\DATA\UIT\Deadline\Game\SuperMarioBros3\SuperMarioBros3\PlayScene.cpp(159,20): warning C4018: '<': signed/unsigned mismatch
D:\DATA\UIT\Deadline\Game\SuperMarioBros3\SuperMarioBros3\PlayScene.cpp(181,20): warning C4018: '<': signed/unsigned mismatch
D:\DATA\UIT\Deadline\Game\SuperMarioBros3\SuperMarioBros3\PlayScene.cpp(204,10): warning C4244: 'initializing': conversion from 'double' to 'float', possible loss of data
D:\DATA\UIT\Deadline\Game\SuperMarioBros3\SuperMarioBros3\PlayScene.cpp(205,10): warning C4244: 'initializing': conversion from 'double' to 'float', possible loss of data
D:\DATA\UIT\Deadline\Game\SuperMarioBros3\SuperMarioBros3\PlayScene.cpp(234,16): warning C4244: 'initializing': conversion from 'int' to 'float', possible loss of data
D:\DATA\UIT\Deadline\Game\SuperMarioBros3\SuperMarioBros3\PlayScene.cpp(235,16): warning C4244: 'initializing': conversion from 'int' to 'float', possible loss of data
D:\DATA\UIT\Deadline\Game\SuperMarioBros3\SuperMarioBros3\PlayScene.cpp(241,16): warning C4244: 'initializing': conversion from 'int' to 'float', possible loss of data
D:\DATA\UIT\Deadline\Game\SuperMarioBros3\SuperMarioBros3\PlayScene.cpp(242,16): warning C4244: 'initializing': conversion from 'int' to 'float', possible loss of data
D:\DATA\UIT\Deadline\Game\SuperMarioBros3\SuperMarioBros3\PlayScene.cpp(248,16): warning C4244: 'initializing': conversion from 'int' to 'float', possible loss of data
D:\DATA\UIT\Deadline\Game\SuperMarioBros3\SuperMarioBros3\PlayScene.cpp(249,16): warning C4244: 'initializing': conversion from 'int' to 'float', possible loss of data
D:\DATA\UIT\Deadline\Game\SuperMarioBros3\SuperMarioBros3\PlayScene.cpp(255,16): warning C4244: 'initializing': conversion from 'int' to 'float', possible loss of data
D:\DATA\UIT\Deadline\Game\SuperMarioBros3\SuperMarioBros3\PlayScene.cpp(256,16): warning C4244: 'initializing': conversion from 'int' to 'float', possible loss of data
D:\DATA\UIT\Deadline\Game\SuperMarioBros3\SuperMarioBros3\PlayScene.cpp(295,17): warning C4244: 'initializing': conversion from 'double' to 'float', possible loss of data
D:\DATA\UIT\Deadline\Game\SuperMarioBros3\SuperMarioBros3\PlayScene.cpp(296,17): warning C4244: 'initializing': conversion from 'double' to 'float', possible loss of data
D:\DATA\UIT\Deadline\Game\SuperMarioBros3\SuperMarioBros3\PlayScene.cpp(444,20): warning C4018: '<': signed/unsigned mismatch
D:\DATA\UIT\Deadline\Game\SuperMarioBros3\SuperMarioBros3\PlayScene.cpp(459,20): warning C4018: '<': signed/unsigned mismatch
D:\DATA\UIT\Deadline\Game\SuperMarioBros3\SuperMarioBros3\PlayScene.cpp(464,20): warning C4018: '<': signed/unsigned mismatch
  SwitchBlock.cpp
D:\DATA\UIT\Deadline\Game\SuperMarioBros3\SuperMarioBros3\Game.h(63,34): warning C4244: 'return': conversion from 'int' to 'float', possible loss of data
D:\DATA\UIT\Deadline\Game\SuperMarioBros3\SuperMarioBros3\Game.h(64,35): warning C4244: 'return': conversion from 'int' to 'float', possible loss of data
D:\DATA\UIT\Deadline\Game\SuperMarioBros3\SuperMarioBros3\ParaKoopa.h(50,29): warning C4244: '=': conversion from 'ULONGLONG' to 'DWORD', possible loss of data
D:\DATA\UIT\Deadline\Game\SuperMarioBros3\SuperMarioBros3\Mario.h(171,79): warning C4244: '=': conversion from 'ULONGLONG' to 'DWORD', possible loss of data
D:\DATA\UIT\Deadline\Game\SuperMarioBros3\SuperMarioBros3\PlayScene.h(65,21): warning C4018: '<': signed/unsigned mismatch
D:\DATA\UIT\Deadline\Game\SuperMarioBros3\SuperMarioBros3\SwitchBlock.cpp(11,20): warning C4018: '<': signed/unsigned mismatch
  main.cpp
D:\DATA\UIT\Deadline\Game\SuperMarioBros3\SuperMarioBros3\Game.h(63,34): warning C4244: 'return': conversion from 'int' to 'float', possible loss of data
D:\DATA\UIT\Deadline\Game\SuperMarioBros3\SuperMarioBros3\Game.h(64,35): warning C4244: 'return': conversion from 'int' to 'float', possible loss of data
D:\DATA\UIT\Deadline\Game\SuperMarioBros3\SuperMarioBros3\ParaKoopa.h(50,29): warning C4244: '=': conversion from 'ULONGLONG' to 'DWORD', possible loss of data
D:\DATA\UIT\Deadline\Game\SuperMarioBros3\SuperMarioBros3\Mario.h(171,79): warning C4244: '=': conversion from 'ULONGLONG' to 'DWORD', possible loss of data
D:\DATA\UIT\Deadline\Game\SuperMarioBros3\SuperMarioBros3\PlayScene.h(65,21): warning C4018: '<': signed/unsigned mismatch
  Generating Code...
  SuperMarioBros3.vcxproj -> D:\DATA\UIT\Deadline\Game\SuperMarioBros3\Debug\SuperMarioBros3.exe
